2021-05-12 16:18:42 [192.168.33.1][-][8fn6j3l3kjef32j8lcfn8vl574][error][yii\base\ErrorException:1] exception 'yii\base\ErrorException' with message 'Class 'app\controllers\demo' not found' in /vagrant/www/yiidemo/controllers/SiteController.php:136
Stack trace:
#0 [internal function]: yii\base\ErrorHandler->handleFatalError()
#1 {main}
2021-05-12 16:18:41 [192.168.33.1][-][8fn6j3l3kjef32j8lcfn8vl574][info][application] $_GET = []

$_POST = []

$_FILES = []

$_COOKIE = [
    'PHPSESSID' => '8fn6j3l3kjef32j8lcfn8vl574'
    '_csrf' => 'd3e6948c9cf3f0691938d5beb85954adf4987b40211ad8b33714b15c71ac0ad8a:2:{i:0;s:5:\"_csrf\";i:1;s:32:\"GrpCfmjym9-plAnTyI1XPt82XOrXeFTg\";}'
]

$_SESSION = [
    '__flash' => []
]

$_SERVER = [
    'TEMP' => '/tmp'
    'TMPDIR' => '/tmp'
    'TMP' => '/tmp'
    'PATH' => '/usr/local/bin:/usr/bin:/bin'
    'USER' => 'www'
    'HOME' => '/home/www'
    'FCGI_ROLE' => 'RESPONDER'
    'SCRIPT_FILENAME' => '/vagrant/www/yiidemo/web/index.php'
    'QUERY_STRING' => ''
    'REQUEST_METHOD' => 'GET'
    'CONTENT_TYPE' => ''
    'CONTENT_LENGTH' => ''
    'SCRIPT_NAME' => '/index.php'
    'REQUEST_URI' => '/site/b'
    'DOCUMENT_URI' => '/index.php'
    'DOCUMENT_ROOT' => '/vagrant/www/yiidemo/web'
    'SERVER_PROTOCOL' => 'HTTP/1.1'
    'REQUEST_SCHEME' => 'http'
    'GATEWAY_INTERFACE' => 'CGI/1.1'
    'SERVER_SOFTWARE' => 'nginx/1.20.0'
    'REMOTE_ADDR' => '192.168.33.1'
    'REMOTE_PORT' => '52950'
    'SERVER_ADDR' => '192.168.33.88'
    'SERVER_PORT' => '80'
    'SERVER_NAME' => 'yiidemo.com'
    'REDIRECT_STATUS' => '200'
    'HTTP_HOST' => 'yiidemo.com'
    'HTTP_CONNECTION' => 'keep-alive'
    'HTTP_CACHE_CONTROL' => 'max-age=0'
    'HTTP_UPGRADE_INSECURE_REQUESTS' => '1'
    'HTTP_USER_AGENT' => 'Mozilla/5.0 (Windows NT 10.0; Win64; x64) AppleWebKit/537.36 (KHTML, like Gecko) Chrome/92.0.4484.7 Safari/537.36'
    'HTTP_ACCEPT' => 'text/html,application/xhtml+xml,application/xml;q=0.9,image/avif,image/webp,image/apng,*/*;q=0.8,application/signed-exchange;v=b3;q=0.9'
    'HTTP_ACCEPT_ENCODING' => 'gzip, deflate'
    'HTTP_ACCEPT_LANGUAGE' => 'zh-CN,zh;q=0.9,en;q=0.8,zh-TW;q=0.7'
    'HTTP_COOKIE' => 'PHPSESSID=8fn6j3l3kjef32j8lcfn8vl574; _csrf=d3e6948c9cf3f0691938d5beb85954adf4987b40211ad8b33714b15c71ac0ad8a%3A2%3A%7Bi%3A0%3Bs%3A5%3A%22_csrf%22%3Bi%3A1%3Bs%3A32%3A%22GrpCfmjym9-plAnTyI1XPt82XOrXeFTg%22%3B%7D'
    'HTTP_PRAGMA' => 'akamai-x-cache-on, akamai-x-cache-remote-on, akamai-x-check-cacheable, akamai-x-get-cache-key, akamai-x-get-extracted-values, akamai-x-get-ssl-client-session-id, akamai-x-get-true-cache-key, akamai-x-serial-no, akamai-x-get-request-id,akamai-x-get-nonces,akamai-x-get-client-ip,akamai-x-feo-trace'
    'PHP_SELF' => '/index.php'
    'REQUEST_TIME_FLOAT' => 1620807521.8589
    'REQUEST_TIME' => 1620807521
]
2021-05-12 17:07:03 [192.168.33.1][-][8fn6j3l3kjef32j8lcfn8vl574][error][yii\base\ErrorException:4] exception 'yii\base\ErrorException' with message 'syntax error, unexpected ')', expecting ']'' in /vagrant/www/yiidemo/views/site/demo.php:11
Stack trace:
#0 [internal function]: yii\base\ErrorHandler->handleFatalError()
#1 {main}
2021-05-12 17:07:03 [192.168.33.1][-][8fn6j3l3kjef32j8lcfn8vl574][info][application] $_GET = [
    'page' => '7'
]

$_POST = []

$_FILES = []

$_COOKIE = [
    'PHPSESSID' => '8fn6j3l3kjef32j8lcfn8vl574'
    '_csrf' => 'd3e6948c9cf3f0691938d5beb85954adf4987b40211ad8b33714b15c71ac0ad8a:2:{i:0;s:5:\"_csrf\";i:1;s:32:\"GrpCfmjym9-plAnTyI1XPt82XOrXeFTg\";}'
]

$_SESSION = [
    '__flash' => []
]

$_SERVER = [
    'TEMP' => '/tmp'
    'TMPDIR' => '/tmp'
    'TMP' => '/tmp'
    'PATH' => '/usr/local/bin:/usr/bin:/bin'
    'USER' => 'www'
    'HOME' => '/home/www'
    'FCGI_ROLE' => 'RESPONDER'
    'SCRIPT_FILENAME' => '/vagrant/www/yiidemo/web/index.php'
    'QUERY_STRING' => 'page=7'
    'REQUEST_METHOD' => 'GET'
    'CONTENT_TYPE' => ''
    'CONTENT_LENGTH' => ''
    'SCRIPT_NAME' => '/index.php'
    'REQUEST_URI' => '/site/b?page=7'
    'DOCUMENT_URI' => '/index.php'
    'DOCUMENT_ROOT' => '/vagrant/www/yiidemo/web'
    'SERVER_PROTOCOL' => 'HTTP/1.1'
    'REQUEST_SCHEME' => 'http'
    'GATEWAY_INTERFACE' => 'CGI/1.1'
    'SERVER_SOFTWARE' => 'nginx/1.20.0'
    'REMOTE_ADDR' => '192.168.33.1'
    'REMOTE_PORT' => '58330'
    'SERVER_ADDR' => '192.168.33.88'
    'SERVER_PORT' => '80'
    'SERVER_NAME' => 'yiidemo.com'
    'REDIRECT_STATUS' => '200'
    'HTTP_HOST' => 'yiidemo.com'
    'HTTP_CONNECTION' => 'keep-alive'
    'HTTP_UPGRADE_INSECURE_REQUESTS' => '1'
    'HTTP_USER_AGENT' => 'Mozilla/5.0 (Windows NT 10.0; Win64; x64) AppleWebKit/537.36 (KHTML, like Gecko) Chrome/92.0.4484.7 Safari/537.36'
    'HTTP_ACCEPT' => 'text/html,application/xhtml+xml,application/xml;q=0.9,image/avif,image/webp,image/apng,*/*;q=0.8,application/signed-exchange;v=b3;q=0.9'
    'HTTP_REFERER' => 'http://yiidemo.com/site/b?page=10'
    'HTTP_ACCEPT_ENCODING' => 'gzip, deflate'
    'HTTP_ACCEPT_LANGUAGE' => 'zh-CN,zh;q=0.9,en;q=0.8,zh-TW;q=0.7'
    'HTTP_COOKIE' => 'PHPSESSID=8fn6j3l3kjef32j8lcfn8vl574; _csrf=d3e6948c9cf3f0691938d5beb85954adf4987b40211ad8b33714b15c71ac0ad8a%3A2%3A%7Bi%3A0%3Bs%3A5%3A%22_csrf%22%3Bi%3A1%3Bs%3A32%3A%22GrpCfmjym9-plAnTyI1XPt82XOrXeFTg%22%3B%7D'
    'HTTP_PRAGMA' => 'akamai-x-cache-on, akamai-x-cache-remote-on, akamai-x-check-cacheable, akamai-x-get-cache-key, akamai-x-get-extracted-values, akamai-x-get-ssl-client-session-id, akamai-x-get-true-cache-key, akamai-x-serial-no, akamai-x-get-request-id,akamai-x-get-nonces,akamai-x-get-client-ip,akamai-x-feo-trace'
    'PHP_SELF' => '/index.php'
    'REQUEST_TIME_FLOAT' => 1620810423.2622
    'REQUEST_TIME' => 1620810423
]
